============================= test session starts =============================
platform win32 -- Python 3.14.0, pytest-9.0.2, pluggy-1.6.0 -- C:\Users\mcwiz\AppData\Local\pypoetry\Cache\virtualenvs\agentos-tools-avX7uQzj-py3.14\Scripts\python.exe
cachedir: .pytest_cache
benchmark: 5.2.3 (defaults: timer=time.perf_counter disable_gc=False min_rounds=5 min_time=0.000005 max_time=1.0 calibration_precision=10 warmup=False warmup_iterations=100000)
rootdir: C:\Users\mcwiz\Projects\AgentOS
configfile: pyproject.toml
plugins: anyio-4.12.1, langsmith-0.6.4, asyncio-1.3.0, benchmark-5.2.3, cov-7.0.0
asyncio: mode=Mode.STRICT, debug=False, asyncio_default_fixture_loop_scope=None, asyncio_default_test_loop_scope=function
collecting ... collected 12 items

tests/test_issue_78.py::test_010 FAILED                                  [  8%]
tests/test_issue_78.py::test_020 FAILED                                  [ 16%]
tests/test_issue_78.py::test_030 FAILED                                  [ 25%]
tests/test_issue_78.py::test_040 FAILED                                  [ 33%]
tests/test_issue_78.py::test_050 FAILED                                  [ 41%]
tests/test_issue_78.py::test_060 FAILED                                  [ 50%]
tests/test_issue_78.py::test_070 FAILED                                  [ 58%]
tests/test_issue_78.py::test_080 FAILED                                  [ 66%]
tests/test_issue_78.py::test_090 FAILED                                  [ 75%]
tests/test_issue_78.py::test_100 FAILED                                  [ 83%]
tests/test_issue_78.py::test_110 FAILED                                  [ 91%]
tests/test_issue_78.py::test_120 FAILED                                  [100%]

================================== FAILURES ===================================
__________________________________ test_010 ___________________________________
tests\test_issue_78.py:34: in test_010
    assert False, "TDD: Implementation pending for test_010"
E   AssertionError: TDD: Implementation pending for test_010
E   assert False
__________________________________ test_020 ___________________________________
tests\test_issue_78.py:51: in test_020
    assert False, "TDD: Implementation pending for test_020"
E   AssertionError: TDD: Implementation pending for test_020
E   assert False
__________________________________ test_030 ___________________________________
tests\test_issue_78.py:67: in test_030
    assert False, "TDD: Implementation pending for test_030"
E   AssertionError: TDD: Implementation pending for test_030
E   assert False
__________________________________ test_040 ___________________________________
tests\test_issue_78.py:83: in test_040
    assert False, "TDD: Implementation pending for test_040"
E   AssertionError: TDD: Implementation pending for test_040
E   assert False
__________________________________ test_050 ___________________________________
tests\test_issue_78.py:98: in test_050
    assert False, "TDD: Implementation pending for test_050"
E   AssertionError: TDD: Implementation pending for test_050
E   assert False
__________________________________ test_060 ___________________________________
tests\test_issue_78.py:114: in test_060
    assert False, "TDD: Implementation pending for test_060"
E   AssertionError: TDD: Implementation pending for test_060
E   assert False
__________________________________ test_070 ___________________________________
tests\test_issue_78.py:130: in test_070
    assert False, "TDD: Implementation pending for test_070"
E   AssertionError: TDD: Implementation pending for test_070
E   assert False
__________________________________ test_080 ___________________________________
tests\test_issue_78.py:146: in test_080
    assert False, "TDD: Implementation pending for test_080"
E   AssertionError: TDD: Implementation pending for test_080
E   assert False
__________________________________ test_090 ___________________________________
tests\test_issue_78.py:162: in test_090
    assert False, "TDD: Implementation pending for test_090"
E   AssertionError: TDD: Implementation pending for test_090
E   assert False
__________________________________ test_100 ___________________________________
tests\test_issue_78.py:177: in test_100
    assert False, "TDD: Implementation pending for test_100"
E   AssertionError: TDD: Implementation pending for test_100
E   assert False
__________________________________ test_110 ___________________________________
tests\test_issue_78.py:193: in test_110
    assert False, "TDD: Implementation pending for test_110"
E   AssertionError: TDD: Implementation pending for test_110
E   assert False
__________________________________ test_120 ___________________________________
tests\test_issue_78.py:209: in test_120
    assert False, "TDD: Implementation pending for test_120"
E   AssertionError: TDD: Implementation pending for test_120
E   assert False
=========================== short test summary info ===========================
FAILED tests/test_issue_78.py::test_010 - AssertionError: TDD: Implementation...
FAILED tests/test_issue_78.py::test_020 - AssertionError: TDD: Implementation...
FAILED tests/test_issue_78.py::test_030 - AssertionError: TDD: Implementation...
FAILED tests/test_issue_78.py::test_040 - AssertionError: TDD: Implementation...
FAILED tests/test_issue_78.py::test_050 - AssertionError: TDD: Implementation...
FAILED tests/test_issue_78.py::test_060 - AssertionError: TDD: Implementation...
FAILED tests/test_issue_78.py::test_070 - AssertionError: TDD: Implementation...
FAILED tests/test_issue_78.py::test_080 - AssertionError: TDD: Implementation...
FAILED tests/test_issue_78.py::test_090 - AssertionError: TDD: Implementation...
FAILED tests/test_issue_78.py::test_100 - AssertionError: TDD: Implementation...
FAILED tests/test_issue_78.py::test_110 - AssertionError: TDD: Implementation...
FAILED tests/test_issue_78.py::test_120 - AssertionError: TDD: Implementation...
============================= 12 failed in 0.14s ==============================

